0 info it worked if it ends with ok
1 verbose cli [ 'C:\\Program Files (x86)\\nodejs\\\\node.exe',
1 verbose cli   'C:\\Program Files (x86)\\nodejs\\node_modules\\npm\\bin\\npm-cli.js',
1 verbose cli   'run',
1 verbose cli   'examples' ]
2 info using npm@1.4.28
3 info using node@v0.10.32
4 verbose node symlink C:\Program Files (x86)\nodejs\\node.exe
5 verbose run-script [ 'preexamples', 'examples', 'postexamples' ]
6 info preexamples @0.9.6
7 info examples @0.9.6
8 verbose unsafe-perm in lifecycle true
9 info @0.9.6 Failed to exec examples script
10 error @0.9.6 examples: `atma custom examples/index`
10 error Exit status 1
11 error Failed at the @0.9.6 examples script.
11 error This is most likely a problem with the  package,
11 error not with npm itself.
11 error Tell the author that this fails on your system:
11 error     atma custom examples/index
11 error You can get their info via:
11 error     npm owner ls
11 error There is likely additional logging output above.
12 error System Windows_NT 6.2.9200
13 error command "C:\\Program Files (x86)\\nodejs\\\\node.exe" "C:\\Program Files (x86)\\nodejs\\node_modules\\npm\\bin\\npm-cli.js" "run" "examples"
14 error cwd D:\atma\components\form
15 error node -v v0.10.32
16 error npm -v 1.4.28
17 error code ELIFECYCLE
18 verbose exit [ 1, true ]
